# JRE version: OpenJDK Runtime Environment (8.0_202-b03) (build 1.8.0_202-release-1483-b03)
# Java VM: OpenJDK 64-Bit Server VM (25.202-b03 mixed mode windows-amd64 compressed oops)
Heap:
 PSYoungGen      total 76800K, used 40628K [0x00000000f5580000, 0x00000000fdd00000, 0x0000000100000000)
  eden space 66560K, 49% used [0x00000000f5580000,0x00000000f75b10a8,0x00000000f9680000)
  from space 10240K, 74% used [0x00000000f9680000,0x00000000f9dfc068,0x00000000fa080000)
  to   space 10240K, 0% used [0x00000000fd300000,0x00000000fd300000,0x00000000fdd00000)
 ParOldGen       total 54784K, used 8934K [0x00000000e0000000, 0x00000000e3580000, 0x00000000f5580000)
  object space 54784K, 16% used [0x00000000e0000000,0x00000000e08b98d0,0x00000000e3580000)
 Metaspace       used 30191K, capacity 30800K, committed 31104K, reserved 1075200K
  class space    used 4195K, capacity 4382K, committed 4480K, reserved 1048576K
GC Heap History (10 events):
Event: 4.889 GC heap before
{Heap before GC invocations=4 (full 0):
 PSYoungGen      total 38400K, used 38378K [0x00000000f5580000, 0x00000000f8000000, 0x0000000100000000)
  eden space 33280K, 100% used [0x00000000f5580000,0x00000000f7600000,0x00000000f7600000)
  from space 5120K, 99% used [0x00000000f7600000,0x00000000f7afab08,0x00000000f7b00000)
  to   space 5120K, 0% used [0x00000000f7b00000,0x00000000f7b00000,0x00000000f8000000)
 ParOldGen       total 87552K, used 2114K [0x00000000e0000000, 0x00000000e5580000, 0x00000000f5580000)
  object space 87552K, 2% used [0x00000000e0000000,0x00000000e0210a10,0x00000000e5580000)
 Metaspace       used 16016K, capacity 16540K, committed 16768K, reserved 1062912K
  class space    used 2279K, capacity 2428K, committed 2432K, reserved 1048576K
Event: 4.900 GC heap after
Heap after GC invocations=4 (full 0):
 PSYoungGen      total 38400K, used 5097K [0x00000000f5580000, 0x00000000fa080000, 0x0000000100000000)
  eden space 33280K, 0% used [0x00000000f5580000,0x00000000f5580000,0x00000000f7600000)
  from space 5120K, 99% used [0x00000000f7b00000,0x00000000f7ffa650,0x00000000f8000000)
  to   space 5120K, 0% used [0x00000000f7600000,0x00000000f7600000,0x00000000f7b00000)
 ParOldGen       total 87552K, used 5443K [0x00000000e0000000, 0x00000000e5580000, 0x00000000f5580000)
  object space 87552K, 6% used [0x00000000e0000000,0x00000000e0550f20,0x00000000e5580000)
 Metaspace       used 16016K, capacity 16540K, committed 16768K, reserved 1062912K
  class space    used 2279K, capacity 2428K, committed 2432K, reserved 1048576K
}
Event: 5.347 GC heap before
{Heap before GC invocations=5 (full 0):
 PSYoungGen      total 38400K, used 38377K [0x00000000f5580000, 0x00000000fa080000, 0x0000000100000000)
  eden space 33280K, 100% used [0x00000000f5580000,0x00000000f7600000,0x00000000f7600000)
  from space 5120K, 99% used [0x00000000f7b00000,0x00000000f7ffa650,0x00000000f8000000)
  to   space 5120K, 0% used [0x00000000f7600000,0x00000000f7600000,0x00000000f7b00000)
 ParOldGen       total 87552K, used 5443K [0x00000000e0000000, 0x00000000e5580000, 0x00000000f5580000)
  object space 87552K, 6% used [0x00000000e0000000,0x00000000e0550f20,0x00000000e5580000)
 Metaspace       used 18958K, capacity 19510K, committed 19584K, reserved 1067008K
  class space    used 2744K, capacity 2933K, committed 2944K, reserved 1048576K
Event: 5.355 GC heap after
Heap after GC invocations=5 (full 0):
 PSYoungGen      total 38400K, used 5097K [0x00000000f5580000, 0x00000000fab80000, 0x0000000100000000)
  eden space 33280K, 0% used [0x00000000f5580000,0x00000000f5580000,0x00000000f7600000)
  from space 5120K, 99% used [0x00000000f7600000,0x00000000f7afa630,0x00000000f7b00000)
  to   space 10752K, 0% used [0x00000000fa100000,0x00000000fa100000,0x00000000fab80000)
 ParOldGen       total 87552K, used 9172K [0x00000000e0000000, 0x00000000e5580000, 0x00000000f5580000)
  object space 87552K, 10% used [0x00000000e0000000,0x00000000e08f52a8,0x00000000e5580000)
 Metaspace       used 18958K, capacity 19510K, committed 19584K, reserved 1067008K
  class space    used 2744K, capacity 2933K, committed 2944K, reserved 1048576K
}
Event: 5.493 GC heap before
{Heap before GC invocations=6 (full 0):
 PSYoungGen      total 38400K, used 18847K [0x00000000f5580000, 0x00000000fab80000, 0x0000000100000000)
  eden space 33280K, 41% used [0x00000000f5580000,0x00000000f62ed758,0x00000000f7600000)
  from space 5120K, 99% used [0x00000000f7600000,0x00000000f7afa630,0x00000000f7b00000)
  to   space 10752K, 0% used [0x00000000fa100000,0x00000000fa100000,0x00000000fab80000)
 ParOldGen       total 87552K, used 9172K [0x00000000e0000000, 0x00000000e5580000, 0x00000000f5580000)
  object space 87552K, 10% used [0x00000000e0000000,0x00000000e08f52a8,0x00000000e5580000)
 Metaspace       used 20608K, capacity 21124K, committed 21296K, reserved 1067008K
  class space    used 2955K, capacity 3129K, committed 3200K, reserved 1048576K
Event: 5.499 GC heap after
Heap after GC invocations=6 (full 0):
 PSYoungGen      total 76288K, used 7588K [0x00000000f5580000, 0x00000000faa80000, 0x0000000100000000)
  eden space 66560K, 0% used [0x00000000f5580000,0x00000000f5580000,0x00000000f9680000)
  from space 9728K, 78% used [0x00000000fa100000,0x00000000fa8692a0,0x00000000faa80000)
  to   space 10240K, 0% used [0x00000000f9680000,0x00000000f9680000,0x00000000fa080000)
 ParOldGen       total 87552K, used 9180K [0x00000000e0000000, 0x00000000e5580000, 0x00000000f5580000)
  object space 87552K, 10% used [0x00000000e0000000,0x00000000e08f72a8,0x00000000e5580000)
 Metaspace       used 20608K, capacity 21124K, committed 21296K, reserved 1067008K
  class space    used 2955K, capacity 3129K, committed 3200K, reserved 1048576K
}
Event: 5.499 GC heap before
{Heap before GC invocations=7 (full 1):
 PSYoungGen      total 76288K, used 7588K [0x00000000f5580000, 0x00000000faa80000, 0x0000000100000000)
  eden space 66560K, 0% used [0x00000000f5580000,0x00000000f5580000,0x00000000f9680000)
  from space 9728K, 78% used [0x00000000fa100000,0x00000000fa8692a0,0x00000000faa80000)
  to   space 10240K, 0% used [0x00000000f9680000,0x00000000f9680000,0x00000000fa080000)
 ParOldGen       total 87552K, used 9180K [0x00000000e0000000, 0x00000000e5580000, 0x00000000f5580000)
  object space 87552K, 10% used [0x00000000e0000000,0x00000000e08f72a8,0x00000000e5580000)
 Metaspace       used 20608K, capacity 21124K, committed 21296K, reserved 1067008K
  class space    used 2955K, capacity 3129K, committed 3200K, reserved 1048576K
Event: 5.526 GC heap after
Heap after GC invocations=7 (full 1):
 PSYoungGen      total 76288K, used 0K [0x00000000f5580000, 0x00000000faa80000, 0x0000000100000000)
  eden space 66560K, 0% used [0x00000000f5580000,0x00000000f5580000,0x00000000f9680000)
  from space 9728K, 0% used [0x00000000fa100000,0x00000000fa100000,0x00000000faa80000)
  to   space 10240K, 0% used [0x00000000f9680000,0x00000000f9680000,0x00000000fa080000)
 ParOldGen       total 54784K, used 8926K [0x00000000e0000000, 0x00000000e3580000, 0x00000000f5580000)
  object space 54784K, 16% used [0x00000000e0000000,0x00000000e08b78d0,0x00000000e3580000)
 Metaspace       used 20608K, capacity 21124K, committed 21296K, reserved 1067008K
  class space    used 2955K, capacity 3129K, committed 3200K, reserved 1048576K
}
Event: 6.060 GC heap before
{Heap before GC invocations=8 (full 1):
 PSYoungGen      total 76288K, used 66560K [0x00000000f5580000, 0x00000000faa80000, 0x0000000100000000)
  eden space 66560K, 100% used [0x00000000f5580000,0x00000000f9680000,0x00000000f9680000)
  from space 9728K, 0% used [0x00000000fa100000,0x00000000fa100000,0x00000000faa80000)
  to   space 10240K, 0% used [0x00000000f9680000,0x00000000f9680000,0x00000000fa080000)
 ParOldGen       total 54784K, used 8926K [0x00000000e0000000, 0x00000000e3580000, 0x00000000f5580000)
  object space 54784K, 16% used [0x00000000e0000000,0x00000000e08b78d0,0x00000000e3580000)
 Metaspace       used 28284K, capacity 28908K, committed 29312K, reserved 1075200K
  class space    used 3894K, capacity 4099K, committed 4224K, reserved 1048576K
Event: 6.066 GC heap after
Heap after GC invocations=8 (full 1):
 PSYoungGen      total 76800K, used 7664K [0x00000000f5580000, 0x00000000fdd00000, 0x0000000100000000)
  eden space 66560K, 0% used [0x00000000f5580000,0x00000000f5580000,0x00000000f9680000)
  from space 10240K, 74% used [0x00000000f9680000,0x00000000f9dfc068,0x00000000fa080000)
  to   space 10240K, 0% used [0x00000000fd300000,0x00000000fd300000,0x00000000fdd00000)
 ParOldGen       total 54784K, used 8934K [0x00000000e0000000, 0x00000000e3580000, 0x00000000f5580000)
  object space 54784K, 16% used [0x00000000e0000000,0x00000000e08b98d0,0x00000000e3580000)
 Metaspace       used 28284K, capacity 28908K, committed 29312K, reserved 1075200K
  class space    used 3894K, capacity 4099K, committed 4224K, reserved 1048576K
}

